   108.9ms (setup:1113): 2026-01-18 05:55:09
   109.0ms (setup:1114): /home/ec2-user/.local/bin/pipx install --include-deps ansible
   109.0ms (setup:1115): pipx version is 1.8.0
   109.0ms (setup:1116): Default python interpreter is '/usr/bin/python3.9'
   110.5ms (package_name_from_spec:381): Determined package name: ansible
   110.6ms (package_name_from_spec:382): Package name determined in 0.0s
   110.8ms (create_venv:164): Creating virtual environment
   111.2ms (run_subprocess:175): running /usr/bin/python3.9 -m venv --without-pip /home/ec2-user/.local/share/pipx/venvs/ansible
   164.9ms (run_subprocess:195): stdout:
   165.1ms (run_subprocess:197): stderr:
   165.1ms (run_subprocess:198): returncode: 0
   166.5ms (run_subprocess:175): running /usr/bin/python3.9 -m venv --clear /home/ec2-user/.local/share/pipx/shared
  2878.9ms (run_subprocess:195): stdout:
  2879.1ms (run_subprocess:197): stderr:
  2879.1ms (run_subprocess:198): returncode: 0
  2879.9ms (run_subprocess:175): running <checking pip's availability>
  2906.7ms (run_subprocess:195): stdout: ModuleSpec(name='pip', loader=<_frozen_importlib_external.SourceFileLoader object at 0x7fdeda55fdf0>, origin='/home/ec2-user/.local/share/pipx/shared/lib64/python3.9/site-packages/pip/__init__.py', submodule_search_locations=['/home/ec2-user/.local/share/pipx/shared/lib64/python3.9/site-packages/pip'])
  2906.9ms (run_subprocess:198): returncode: 0
  2907.3ms (upgrade:119): Upgrading shared libraries in /home/ec2-user/.local/share/pipx/shared
  2908.2ms (run_subprocess:175): running /home/ec2-user/.local/share/pipx/shared/bin/python -m pip --no-input --disable-pip-version-check install --force-reinstall -q --upgrade pip >= 23.1
  4512.6ms (run_subprocess:195): stdout:
  4512.8ms (run_subprocess:197): stderr:
  4512.8ms (run_subprocess:198): returncode: 0
  4513.5ms (run_subprocess:175): running /home/ec2-user/.local/share/pipx/venvs/ansible/bin/python -c import sysconfig; print(sysconfig.get_path('purelib'))
  4528.8ms (run_subprocess:195): stdout: /home/ec2-user/.local/share/pipx/venvs/ansible/lib/python3.9/site-packages
  4529.0ms (run_subprocess:198): returncode: 0
  4529.6ms (run_subprocess:175): running /home/ec2-user/.local/share/pipx/shared/bin/python -c import sysconfig; print(sysconfig.get_path('purelib'))
  4545.4ms (run_subprocess:195): stdout: /home/ec2-user/.local/share/pipx/shared/lib/python3.9/site-packages
  4545.6ms (run_subprocess:198): returncode: 0
  4546.5ms (run_subprocess:175): running /home/ec2-user/.local/share/pipx/venvs/ansible/bin/python --version
  4549.2ms (run_subprocess:195): stdout: Python 3.9.25
  4549.4ms (run_subprocess:197): stderr:
  4549.4ms (run_subprocess:198): returncode: 0
  4549.9ms (_parsed_package_to_package_or_url:139): cleaned package spec: ansible
  4549.9ms (install_package:247): Installing ansible
  4550.6ms (run_subprocess:175): running /home/ec2-user/.local/share/pipx/venvs/ansible/bin/python -m pip --no-input install ansible
 42638.9ms (run_subprocess:198): returncode: 0
 42640.5ms (run_subprocess:175): running <fetch_info_in_venv commands>
 42692.5ms (run_subprocess:195): stdout: {"sys_path": ["/usr/lib64/python39.zip", "/usr/lib64/python3.9", "/usr/lib64/python3.9/lib-dynload", "/home/ec2-user/.local/share/pipx/venvs/ansible/lib64/python3.9/site-packages", "/home/ec2-user/.local/share/pipx/shared/lib/python3.9/site-packages", "/home/ec2-user/.local/share/pipx/venvs/ansible/lib/python3.9/site-packages"], "python_version": "3.9.25", "environment": {"implementation_name": "cpython", "implementation_version": "3.9.25", "os_name": "posix", "platform_machine": "x86_64", "platform_release": "6.1.159-181.297.amzn2023.x86_64", "platform_system": "Linux", "platform_version": "#1 SMP PREEMPT_DYNAMIC Mon Dec 22 22:31:59 UTC 2025", "python_full_version": "3.9.25", "platform_python_implementation": "CPython", "python_version": "3.9", "sys_platform": "linux"}}
 42692.7ms (run_subprocess:198): returncode: 0
 43241.9ms (get_venv_metadata_for_package:351): get_venv_metadata_for_package: 602ms
 43242.1ms (_parsed_package_to_package_or_url:139): cleaned package spec: ansible
 43251.3ms (cli:1192): pipx finished.
